{
  "stats": {
    "suites": 1,
    "tests": 1,
    "passes": 1,
    "pending": 0,
    "failures": 0,
    "start": "2023-11-24T15:07:15.478Z",
    "end": "2023-11-24T15:07:52.852Z",
    "duration": 37374,
    "testsRegistered": 1,
    "passPercent": 100,
    "pendingPercent": 0,
    "other": 0,
    "hasOther": false,
    "skipped": 0,
    "hasSkipped": false
  },
  "results": [
    {
      "uuid": "cac03350-bff3-4fab-84a8-d3fe06dd8854",
      "title": "",
      "fullFile": "cypress\\e2e\\addtocart.cy.js",
      "file": "cypress\\e2e\\addtocart.cy.js",
      "beforeHooks": [],
      "afterHooks": [],
      "tests": [],
      "suites": [
        {
          "uuid": "0d4b31b9-2f49-47b6-aee5-ea466b3d5085",
          "title": "Add To Cart Product",
          "fullFile": "",
          "file": "",
          "beforeHooks": [],
          "afterHooks": [],
          "tests": [
            {
              "title": "Adding Product to Cart",
              "fullTitle": "Add To Cart Product Adding Product to Cart",
              "timedOut": null,
              "duration": 37290,
              "state": "passed",
              "speed": "slow",
              "pass": true,
              "fail": false,
              "pending": false,
              "context": "\"assets/images/addtocart.cy.js/Add To Cart Product -- Adding Product to Cart.png\"",
              "code": "cy.xpath(\"//button[@id='add-to-cart-sauce-labs-backpack']\").click();\ncy.wait(3000);\ncy.xpath(\"//a[@class='shopping_cart_link']\").click();\ncy.wait(3000);\ncy.xpath(\"//div[@class='inventory_item_name']\").should('have.text', \"Sauce Labs Backpack\");\ncy.screenshot();\ncy.wait(5000);",
              "err": {},
              "uuid": "32650a70-728d-4e00-a301-26d5bd7dbd3c",
              "parentUUID": "0d4b31b9-2f49-47b6-aee5-ea466b3d5085",
              "isHook": false,
              "skipped": false
            }
          ],
          "suites": [],
          "passes": [
            "32650a70-728d-4e00-a301-26d5bd7dbd3c"
          ],
          "failures": [],
          "pending": [],
          "skipped": [],
          "duration": 37290,
          "root": false,
          "rootEmpty": false,
          "_timeout": 2000
        }
      ],
      "passes": [],
      "failures": [],
      "pending": [],
      "skipped": [],
      "duration": 0,
      "root": true,
      "rootEmpty": true,
      "_timeout": 2000
    }
  ],
  "meta": {
    "mocha": {
      "version": "7.0.1"
    },
    "mochawesome": {
      "options": {
        "quiet": false,
        "reportFilename": "Automation-report",
        "saveHtml": true,
        "saveJson": true,
        "consoleReporter": "spec",
        "useInlineDiffs": false,
        "code": true
      },
      "version": "7.1.3"
    },
    "marge": {
      "options": {
        "reportDir": "cypress/mochawesomeresults",
        "reportFilename": "Automation-report",
        "reportPageTitle": "Test-Result",
        "overwrite": false,
        "html": true,
        "json": true
      },
      "version": "6.2.0"
    }
  }
}